Using pre-set license
Built from '2021.1/staging' branch; Version is '2021.1.18f1 (25bdc3efbc2d) revision 2473411'; Using compiler version '192528614'; Build Type 'Release'
OS: 'Windows 10 Home; OS build 19042.1165; Version 2009; 64bit' Language: 'fr' Physical Memory: 16322 MB
BatchMode: 1, IsHumanControllingUs: 0, StartBugReporterOnCrash: 0, Is64bit: 1, IsPro: 0

COMMAND LINE ARGUMENTS:
G:\Jeux\Unity\Project\2021.1.18f1\Editor\Unity.exe
-adb2
-batchMode
-noUpm
-name
AssetImportWorker0
-projectPath
Z:/ProjetPerso/Unity/Classic_MonoBehavior/Terrain/KZW_ProceduralTerrain
-logFile
Logs/AssetImportWorker0.log
-srvPort
63567
Successfully changed project path to: Z:/ProjetPerso/Unity/Classic_MonoBehavior/Terrain/KZW_ProceduralTerrain
Z:/ProjetPerso/Unity/Classic_MonoBehavior/Terrain/KZW_ProceduralTerrain
Using Asset Import Pipeline V2.
Refreshing native plugins compatible for Editor in 123.71 ms, found 3 plugins.
Preloading 0 native plugins for Editor in 0.00 ms.
Initialize engine version: 2021.1.18f1 (25bdc3efbc2d)
[Subsystems] Discovering subsystems at path G:/Jeux/Unity/Project/2021.1.18f1/Editor/Data/Resources/UnitySubsystems
[Subsystems] Discovering subsystems at path Z:/ProjetPerso/Unity/Classic_MonoBehavior/Terrain/KZW_ProceduralTerrain/Assets
GfxDevice: creating device client; threaded=0; jobified=0
Direct3D:
    Version:  Direct3D 11.0 [level 11.1]
    Renderer: NVIDIA GeForce GTX 1070 (ID=0x1b81)
    Vendor:   NVIDIA
    VRAM:     8088 MB
    Driver:   30.0.14.7196
Initialize mono
Mono path[0] = 'G:/Jeux/Unity/Project/2021.1.18f1/Editor/Data/Managed'
Mono path[1] = 'G:/Jeux/Unity/Project/2021.1.18f1/Editor/Data/MonoBleedingEdge/lib/mono/unityjit'
Mono config path = 'G:/Jeux/Unity/Project/2021.1.18f1/Editor/Data/MonoBleedingEdge/etc'
Using monoOptions --debugger-agent=transport=dt_socket,embedding=1,server=y,suspend=n,address=127.0.0.1:56280
Begin MonoManager ReloadAssembly
Registering precompiled unity dll's ...
Register platform support module: G:/Jeux/Unity/Project/2021.1.18f1/Editor/Data/PlaybackEngines/WebGLSupport/UnityEditor.WebGL.Extensions.dll
Register platform support module: G:/Jeux/Unity/Project/2021.1.18f1/Editor/Data/PlaybackEngines/MacStandaloneSupport/UnityEditor.OSXStandalone.Extensions.dll
Register platform support module: G:/Jeux/Unity/Project/2021.1.18f1/Editor/Data/PlaybackEngines/WindowsStandaloneSupport/UnityEditor.WindowsStandalone.Extensions.dll
Register platform support module: G:/Jeux/Unity/Project/2021.1.18f1/Editor/Data/PlaybackEngines/LinuxStandaloneSupport/UnityEditor.LinuxStandalone.Extensions.dll
Register platform support module: G:/Jeux/Unity/Project/2021.1.18f1/Editor/Data/PlaybackEngines/LuminSupport/UnityEditor.Lumin.Extensions.dll
Registered in 0.001853 seconds.
Native extension for Lumin target not found
Native extension for LinuxStandalone target not found
Native extension for WindowsStandalone target not found
Native extension for OSXStandalone target not found
Native extension for WebGL target not found
Refreshing native plugins compatible for Editor in 111.11 ms, found 3 plugins.
Preloading 0 native plugins for Editor in 0.00 ms.
Mono: successfully reloaded assembly
- Completed reload, in  2.299 seconds
Domain Reload Profiling:
	ReloadAssembly (2299ms)
		BeginReloadAssembly (75ms)
			ExecutionOrderSort (0ms)
			DisableScriptedObjects (0ms)
			BackupInstance (0ms)
			ReleaseScriptingObjects (0ms)
			CreateAndSetChildDomain (1ms)
		EndReloadAssembly (435ms)
			LoadAssemblies (75ms)
			RebuildTransferFunctionScriptingTraits (0ms)
			SetupTypeCache (136ms)
			ReleaseScriptCaches (0ms)
			RebuildScriptCaches (31ms)
			SetupLoadedEditorAssemblies (231ms)
				LogAssemblyErrors (0ms)
				InitializePlatformSupportModulesInManaged (8ms)
				SetLoadedEditorAssemblies (0ms)
				RefreshPlugins (111ms)
				BeforeProcessingInitializeOnLoad (1ms)
				ProcessInitializeOnLoadAttributes (85ms)
				ProcessInitializeOnLoadMethodAttributes (25ms)
				AfterProcessingInitializeOnLoad (0ms)
				EditorAssembliesLoaded (0ms)
			ExecutionOrderSort2 (0ms)
			AwakeInstancesAfterBackupRestoration (0ms)
Platform modules already initialized, skipping
Registering precompiled user dll's ...
Registered in 0.005327 seconds.
Begin MonoManager ReloadAssembly
Symbol file LoadedFromMemory doesn't match image Z:\ProjetPerso\Unity\Classic_MonoBehavior\Terrain\KZW_ProceduralTerrain\Library\PackageCache\com.unity.visualscripting@1.6.1\Editor\VisualScripting.Core\Dependencies\YamlDotNet\Unity.VisualScripting.YamlDotNet.dll
Symbol file LoadedFromMemory doesn't match image Z:\ProjetPerso\Unity\Classic_MonoBehavior\Terrain\KZW_ProceduralTerrain\Library\PackageCache\com.unity.visualscripting@1.6.1\Editor\VisualScripting.Core\Dependencies\DotNetZip\Unity.VisualScripting.IonicZip.dll
Native extension for Lumin target not found
Native extension for LinuxStandalone target not found
Native extension for WindowsStandalone target not found
Native extension for OSXStandalone target not found
Native extension for WebGL target not found
Refreshing native plugins compatible for Editor in 120.04 ms, found 3 plugins.
Preloading 0 native plugins for Editor in 0.00 ms.
Mono: successfully reloaded assembly
- Completed reload, in  2.197 seconds
Domain Reload Profiling:
	ReloadAssembly (2197ms)
		BeginReloadAssembly (142ms)
			ExecutionOrderSort (0ms)
			DisableScriptedObjects (4ms)
			BackupInstance (0ms)
			ReleaseScriptingObjects (0ms)
			CreateAndSetChildDomain (17ms)
		EndReloadAssembly (2012ms)
			LoadAssemblies (107ms)
			RebuildTransferFunctionScriptingTraits (0ms)
			SetupTypeCache (362ms)
			ReleaseScriptCaches (1ms)
			RebuildScriptCaches (79ms)
			SetupLoadedEditorAssemblies (1397ms)
				LogAssemblyErrors (0ms)
				InitializePlatformSupportModulesInManaged (7ms)
				SetLoadedEditorAssemblies (0ms)
				RefreshPlugins (120ms)
				BeforeProcessingInitializeOnLoad (114ms)
				ProcessInitializeOnLoadAttributes (1147ms)
				ProcessInitializeOnLoadMethodAttributes (6ms)
				AfterProcessingInitializeOnLoad (2ms)
				EditorAssembliesLoaded (0ms)
			ExecutionOrderSort2 (0ms)
			AwakeInstancesAfterBackupRestoration (6ms)
Platform modules already initialized, skipping
========================================================================
Worker process is ready to serve import requests
Launched and connected shader compiler UnityShaderCompiler.exe after 0.13 seconds
Refreshing native plugins compatible for Editor in 0.88 ms, found 3 plugins.
Preloading 0 native plugins for Editor in 0.00 ms.
Unloading 5867 Unused Serialized files (Serialized files now loaded: 0)
System memory in use before: 228.9 MB.
System memory in use after: 229.3 MB.

Unloading 179 unused Assets to reduce memory usage. Loaded Objects now: 6287.
Total: 4.996200 ms (FindLiveObjects: 0.403000 ms CreateObjectMapping: 0.249200 ms MarkObjects: 4.131300 ms  DeleteObjects: 0.212000 ms)

AssetImportParameters requested are different than current active one (requested -> active):
  custom:framework-win-MediaFoundation: 216162199b28c13a410421893ffa2e32 -> 
  custom:video-decoder-ogg-theora: a1e56fd34408186e4bbccfd4996cb3dc -> 
  custom:container-muxer-webm: aa71ff27fc2769a1b78a27578f13a17b -> 
  custom:container-demuxer-webm: 4f35f7cbe854078d1ac9338744f61a02 -> 
  custom:container-demuxer-ogg: 62fdf1f143b41e24485cea50d1cbac27 -> 
  custom:video-encoder-webm-vp8: eb34c28f22e8b96e1ab97ce403110664 -> 
  custom:video-codec-MediaFoundation-h265: 746d11721c4dcdbdad8f713fa42b33f4 -> 
  custom:video-decoder-webm-vp8: 9c59270c3fd7afecdb556c50c9e8de78 -> 
  custom:audio-decoder-ogg-vorbis: bf7c407c2cedff20999df2af8eb42d56 -> 
  custom:audio-encoder-webm-vorbis: bf7c407c2cedff20999df2af8eb42d56 -> 
========================================================================
Received Import Request.
  path: Assets/_Code/TerrainGeneration/DOD/System/ChunkSliceManager
  artifactKey: Guid(ff1424cce394086499150254e40dfd33) Importer(815301076,1909f56bfc062723c751e8b465ee728b)
Start importing Assets/_Code/TerrainGeneration/DOD/System/ChunkSliceManager using Guid(ff1424cce394086499150254e40dfd33) Importer(815301076,1909f56bfc062723c751e8b465ee728b)  -> (artifact id: '98460b74a635fe845466cb4ee63b550d') in 0.010769 seconds 
========================================================================
Received Import Request.
  Time since last request: 22.860577 seconds.
  path: Assets/_Code/TerrainGeneration/DOD/System/ChunkSliceManager/VerticesSliceProcess.cs
  artifactKey: Guid(2c805bf6e320cb441b4182f007aaaa5a) Importer(815301076,1909f56bfc062723c751e8b465ee728b)
Start importing Assets/_Code/TerrainGeneration/DOD/System/ChunkSliceManager/VerticesSliceProcess.cs using Guid(2c805bf6e320cb441b4182f007aaaa5a) Importer(815301076,1909f56bfc062723c751e8b465ee728b)  -> (artifact id: '326f82ec0fb070c840dc73b0c99a71a7') in 0.025414 seconds 
========================================================================
Received Import Request.
  Time since last request: 186.849404 seconds.
  path: Assets/_Code/TerrainGeneration/DOD/System/SaveFolderManager
  artifactKey: Guid(5352beba8c1b3b6409b14b8a449a9320) Importer(815301076,1909f56bfc062723c751e8b465ee728b)
Start importing Assets/_Code/TerrainGeneration/DOD/System/SaveFolderManager using Guid(5352beba8c1b3b6409b14b8a449a9320) Importer(815301076,1909f56bfc062723c751e8b465ee728b)  -> (artifact id: '2916f6d7f4af568b6c03e5bd61dcab27') in 0.005085 seconds 
========================================================================
Received Import Request.
  Time since last request: 230.667122 seconds.
  path: Assets/_Code/TerrainGeneration/DOD/System/SaveFolderManager/FoldersStructureProcess.cs
  artifactKey: Guid(40cefd437c60a9c4fb03a16ecf487e82) Importer(815301076,1909f56bfc062723c751e8b465ee728b)
Start importing Assets/_Code/TerrainGeneration/DOD/System/SaveFolderManager/FoldersStructureProcess.cs using Guid(40cefd437c60a9c4fb03a16ecf487e82) Importer(815301076,1909f56bfc062723c751e8b465ee728b)  -> (artifact id: '04eae73c2b55f7e168e8da90bb2e67b8') in 0.006438 seconds 
========================================================================
Received Prepare
Registering precompiled user dll's ...
Registered in 0.005262 seconds.
Begin MonoManager ReloadAssembly
Symbol file LoadedFromMemory doesn't match image Z:\ProjetPerso\Unity\Classic_MonoBehavior\Terrain\KZW_ProceduralTerrain\Library\PackageCache\com.unity.visualscripting@1.6.1\Editor\VisualScripting.Core\Dependencies\YamlDotNet\Unity.VisualScripting.YamlDotNet.dll
Symbol file LoadedFromMemory doesn't match image Z:\ProjetPerso\Unity\Classic_MonoBehavior\Terrain\KZW_ProceduralTerrain\Library\PackageCache\com.unity.visualscripting@1.6.1\Editor\VisualScripting.Core\Dependencies\DotNetZip\Unity.VisualScripting.IonicZip.dll
Native extension for Lumin target not found
Native extension for LinuxStandalone target not found
Native extension for WindowsStandalone target not found
Native extension for OSXStandalone target not found
Native extension for WebGL target not found
Refreshing native plugins compatible for Editor in 0.95 ms, found 3 plugins.
Preloading 0 native plugins for Editor in 0.00 ms.
Warning: Annotation not found!
UnityEngine.StackTraceUtility:ExtractStackTrace ()
UnityEditor.ProBuilder.EditorUtility:SetGizmoIconEnabled (System.Type,bool) (at Library/PackageCache/com.unity.probuilder@5.0.3/Editor/EditorCore/EditorUtility.cs:575)
UnityEditor.ProBuilder.HierarchyListener:.cctor () (at Library/PackageCache/com.unity.probuilder@5.0.3/Editor/EditorCore/HierarchyListener.cs:21)
System.Runtime.CompilerServices.RuntimeHelpers:RunClassConstructor (System.RuntimeTypeHandle)
UnityEditor.EditorAssemblies:ProcessInitializeOnLoadAttributes (System.Type[])

[Library/PackageCache/com.unity.probuilder@5.0.3/Editor/EditorCore/EditorUtility.cs line 575]

Mono: successfully reloaded assembly
- Completed reload, in  1.471 seconds
Domain Reload Profiling:
	ReloadAssembly (1471ms)
		BeginReloadAssembly (155ms)
			ExecutionOrderSort (0ms)
			DisableScriptedObjects (6ms)
			BackupInstance (0ms)
			ReleaseScriptingObjects (0ms)
			CreateAndSetChildDomain (47ms)
		EndReloadAssembly (1274ms)
			LoadAssemblies (109ms)
			RebuildTransferFunctionScriptingTraits (0ms)
			SetupTypeCache (375ms)
			ReleaseScriptCaches (1ms)
			RebuildScriptCaches (61ms)
			SetupLoadedEditorAssemblies (608ms)
				LogAssemblyErrors (0ms)
				InitializePlatformSupportModulesInManaged (8ms)
				SetLoadedEditorAssemblies (0ms)
				RefreshPlugins (1ms)
				BeforeProcessingInitializeOnLoad (84ms)
				ProcessInitializeOnLoadAttributes (506ms)
				ProcessInitializeOnLoadMethodAttributes (6ms)
				AfterProcessingInitializeOnLoad (2ms)
				EditorAssembliesLoaded (0ms)
			ExecutionOrderSort2 (0ms)
			AwakeInstancesAfterBackupRestoration (24ms)
Platform modules already initialized, skipping
Refreshing native plugins compatible for Editor in 1.56 ms, found 3 plugins.
Preloading 0 native plugins for Editor in 0.00 ms.
Unloading 5696 Unused Serialized files (Serialized files now loaded: 0)
System memory in use before: 218.8 MB.
System memory in use after: 219.2 MB.

Unloading 28 unused Assets to reduce memory usage. Loaded Objects now: 6302.
Total: 4.879100 ms (FindLiveObjects: 0.394500 ms CreateObjectMapping: 0.238200 ms MarkObjects: 4.180400 ms  DeleteObjects: 0.065400 ms)

AssetImportParameters requested are different than current active one (requested -> active):
  custom:framework-win-MediaFoundation: 216162199b28c13a410421893ffa2e32 -> 
  custom:video-decoder-ogg-theora: a1e56fd34408186e4bbccfd4996cb3dc -> 
  custom:container-muxer-webm: aa71ff27fc2769a1b78a27578f13a17b -> 
  custom:container-demuxer-webm: 4f35f7cbe854078d1ac9338744f61a02 -> 
  custom:container-demuxer-ogg: 62fdf1f143b41e24485cea50d1cbac27 -> 
  custom:video-encoder-webm-vp8: eb34c28f22e8b96e1ab97ce403110664 -> 
  custom:video-codec-MediaFoundation-h265: 746d11721c4dcdbdad8f713fa42b33f4 -> 
  custom:video-decoder-webm-vp8: 9c59270c3fd7afecdb556c50c9e8de78 -> 
  custom:audio-decoder-ogg-vorbis: bf7c407c2cedff20999df2af8eb42d56 -> 
  custom:audio-encoder-webm-vorbis: bf7c407c2cedff20999df2af8eb42d56 -> 
========================================================================
Received Import Request.
  Time since last request: 116.535548 seconds.
  path: Assets/_Code/TerrainGeneration/DOD/System/SaveFolderManager/FoldersStructureProcess.cs
  artifactKey: Guid(40cefd437c60a9c4fb03a16ecf487e82) Importer(815301076,1909f56bfc062723c751e8b465ee728b)
Start importing Assets/_Code/TerrainGeneration/DOD/System/SaveFolderManager/FoldersStructureProcess.cs using Guid(40cefd437c60a9c4fb03a16ecf487e82) Importer(815301076,1909f56bfc062723c751e8b465ee728b)  -> (artifact id: '7d9299212a72caaae80df2be9030fd1e') in 0.006649 seconds 
========================================================================
Received Import Request.
  Time since last request: 258.620847 seconds.
  path: Assets/_Code/TerrainGeneration/DOD/System/SaveFolderManager/FoldersStructureProcess.cs
  artifactKey: Guid(40cefd437c60a9c4fb03a16ecf487e82) Importer(815301076,1909f56bfc062723c751e8b465ee728b)
Start importing Assets/_Code/TerrainGeneration/DOD/System/SaveFolderManager/FoldersStructureProcess.cs using Guid(40cefd437c60a9c4fb03a16ecf487e82) Importer(815301076,1909f56bfc062723c751e8b465ee728b)  -> (artifact id: '9e84bf74eee42ade27f9713877ff265a') in 0.001533 seconds 
========================================================================
Received Import Request.
  Time since last request: 179.085760 seconds.
  path: Assets/_Code/TerrainGeneration/DOD/System/SaveFolderManager/FoldersStructureProcess.cs
  artifactKey: Guid(40cefd437c60a9c4fb03a16ecf487e82) Importer(815301076,1909f56bfc062723c751e8b465ee728b)
Start importing Assets/_Code/TerrainGeneration/DOD/System/SaveFolderManager/FoldersStructureProcess.cs using Guid(40cefd437c60a9c4fb03a16ecf487e82) Importer(815301076,1909f56bfc062723c751e8b465ee728b)  -> (artifact id: 'f549eef5059ddba461503d3a5307b2c7') in 0.002495 seconds 
========================================================================
Received Import Request.
  Time since last request: 3.661528 seconds.
  path: Assets/_Code/TerrainGeneration/DOD/System/SaveFolderManager/FoldersStructureProcess.cs
  artifactKey: Guid(40cefd437c60a9c4fb03a16ecf487e82) Importer(815301076,1909f56bfc062723c751e8b465ee728b)
Start importing Assets/_Code/TerrainGeneration/DOD/System/SaveFolderManager/FoldersStructureProcess.cs using Guid(40cefd437c60a9c4fb03a16ecf487e82) Importer(815301076,1909f56bfc062723c751e8b465ee728b)  -> (artifact id: 'a8fb976d16c478040fe556c1198635c5') in 0.002388 seconds 
========================================================================
Received Import Request.
  Time since last request: 18.578465 seconds.
  path: Assets/_Code/TerrainGeneration/DOD/System/SaveFolderManager/FoldersStructureProcess.cs
  artifactKey: Guid(40cefd437c60a9c4fb03a16ecf487e82) Importer(815301076,1909f56bfc062723c751e8b465ee728b)
Start importing Assets/_Code/TerrainGeneration/DOD/System/SaveFolderManager/FoldersStructureProcess.cs using Guid(40cefd437c60a9c4fb03a16ecf487e82) Importer(815301076,1909f56bfc062723c751e8b465ee728b)  -> (artifact id: '283805ef798f685d26339602a5b8f44b') in 0.001796 seconds 
========================================================================
Received Import Request.
  Time since last request: 38.096540 seconds.
  path: Assets/_Code/TerrainGeneration/DOD/System/SaveFolderManager/FoldersStructureProcess.cs
  artifactKey: Guid(40cefd437c60a9c4fb03a16ecf487e82) Importer(815301076,1909f56bfc062723c751e8b465ee728b)
Start importing Assets/_Code/TerrainGeneration/DOD/System/SaveFolderManager/FoldersStructureProcess.cs using Guid(40cefd437c60a9c4fb03a16ecf487e82) Importer(815301076,1909f56bfc062723c751e8b465ee728b)  -> (artifact id: '994196e9d7ea87747addb67021390baa') in 0.002518 seconds 
========================================================================
Received Import Request.
  Time since last request: 55.954310 seconds.
  path: Assets/_Code/TerrainGeneration/DOD/System/SaveFolderManager/FoldersStructureProcess.cs
  artifactKey: Guid(40cefd437c60a9c4fb03a16ecf487e82) Importer(815301076,1909f56bfc062723c751e8b465ee728b)
Start importing Assets/_Code/TerrainGeneration/DOD/System/SaveFolderManager/FoldersStructureProcess.cs using Guid(40cefd437c60a9c4fb03a16ecf487e82) Importer(815301076,1909f56bfc062723c751e8b465ee728b)  -> (artifact id: '7990a6d518d2e020bd06e4403f8e8fa8') in 0.001661 seconds 
========================================================================
Received Import Request.
  Time since last request: 94.410816 seconds.
  path: Assets/_Code/TerrainGeneration/DOD/System/SaveFolderManager/FoldersStructureProcess.cs
  artifactKey: Guid(40cefd437c60a9c4fb03a16ecf487e82) Importer(815301076,1909f56bfc062723c751e8b465ee728b)
Start importing Assets/_Code/TerrainGeneration/DOD/System/SaveFolderManager/FoldersStructureProcess.cs using Guid(40cefd437c60a9c4fb03a16ecf487e82) Importer(815301076,1909f56bfc062723c751e8b465ee728b)  -> (artifact id: '5f7b0f7647213b37d0886ff257f5119f') in 0.002684 seconds 
========================================================================
Received Import Request.
  Time since last request: 35.193346 seconds.
  path: Assets/_Code/TerrainGeneration/DOD/System/SaveFolderManager/FoldersStructureProcess.cs
  artifactKey: Guid(40cefd437c60a9c4fb03a16ecf487e82) Importer(815301076,1909f56bfc062723c751e8b465ee728b)
Start importing Assets/_Code/TerrainGeneration/DOD/System/SaveFolderManager/FoldersStructureProcess.cs using Guid(40cefd437c60a9c4fb03a16ecf487e82) Importer(815301076,1909f56bfc062723c751e8b465ee728b)  -> (artifact id: 'f32dcd6885c79924c62afeb3d3007d8b') in 0.003756 seconds 
========================================================================
Received Import Request.
  Time since last request: 17.683556 seconds.
  path: Assets/_Code/TerrainGeneration/DOD/System/SaveFolderManager/FoldersStructureProcess.cs
  artifactKey: Guid(40cefd437c60a9c4fb03a16ecf487e82) Importer(815301076,1909f56bfc062723c751e8b465ee728b)
Start importing Assets/_Code/TerrainGeneration/DOD/System/SaveFolderManager/FoldersStructureProcess.cs using Guid(40cefd437c60a9c4fb03a16ecf487e82) Importer(815301076,1909f56bfc062723c751e8b465ee728b)  -> (artifact id: 'c941ad03635613559f39cdab4f24e3ec') in 0.002385 seconds 
========================================================================
Received Import Request.
  Time since last request: 178.332988 seconds.
  path: Assets/_Code/TerrainGeneration/DOD/System/SaveFolderManager/FoldersStructureProcess.cs
  artifactKey: Guid(40cefd437c60a9c4fb03a16ecf487e82) Importer(815301076,1909f56bfc062723c751e8b465ee728b)
Start importing Assets/_Code/TerrainGeneration/DOD/System/SaveFolderManager/FoldersStructureProcess.cs using Guid(40cefd437c60a9c4fb03a16ecf487e82) Importer(815301076,1909f56bfc062723c751e8b465ee728b)  -> (artifact id: '12847231c3ae033ba3ca319993be4d5b') in 0.002537 seconds 
========================================================================
Received Import Request.
  Time since last request: 691.989199 seconds.
  path: Assets/_Code/TerrainGeneration/DOD/System/SaveFolderManager/FoldersStructureProcess.cs
  artifactKey: Guid(40cefd437c60a9c4fb03a16ecf487e82) Importer(815301076,1909f56bfc062723c751e8b465ee728b)
Start importing Assets/_Code/TerrainGeneration/DOD/System/SaveFolderManager/FoldersStructureProcess.cs using Guid(40cefd437c60a9c4fb03a16ecf487e82) Importer(815301076,1909f56bfc062723c751e8b465ee728b)  -> (artifact id: 'a2040da4736ecd776f65a5a947907617') in 0.001623 seconds 
========================================================================
Received Import Request.
  Time since last request: 313.457827 seconds.
  path: Assets/_Code/TerrainGeneration/DOD/System/SaveFolderManager/FoldersStructureProcess.cs
  artifactKey: Guid(40cefd437c60a9c4fb03a16ecf487e82) Importer(815301076,1909f56bfc062723c751e8b465ee728b)
Start importing Assets/_Code/TerrainGeneration/DOD/System/SaveFolderManager/FoldersStructureProcess.cs using Guid(40cefd437c60a9c4fb03a16ecf487e82) Importer(815301076,1909f56bfc062723c751e8b465ee728b)  -> (artifact id: '223c6c1abe9bc03d16ddd1c727e01c40') in 0.001685 seconds 
========================================================================
Received Import Request.
  Time since last request: 135.391254 seconds.
  path: Assets/_Code/TerrainGeneration/DOD/System/SaveFolderManager/FoldersStructureProcess.cs
  artifactKey: Guid(40cefd437c60a9c4fb03a16ecf487e82) Importer(815301076,1909f56bfc062723c751e8b465ee728b)
Start importing Assets/_Code/TerrainGeneration/DOD/System/SaveFolderManager/FoldersStructureProcess.cs using Guid(40cefd437c60a9c4fb03a16ecf487e82) Importer(815301076,1909f56bfc062723c751e8b465ee728b)  -> (artifact id: '9270f0fffe6bb83cb04bad7bdd3caacd') in 0.002772 seconds 
========================================================================
Received Import Request.
  Time since last request: 8.545156 seconds.
  path: Assets/_Code/TerrainGeneration/DOD/System/SaveFolderManager/FoldersStructureProcess.cs
  artifactKey: Guid(40cefd437c60a9c4fb03a16ecf487e82) Importer(815301076,1909f56bfc062723c751e8b465ee728b)
Start importing Assets/_Code/TerrainGeneration/DOD/System/SaveFolderManager/FoldersStructureProcess.cs using Guid(40cefd437c60a9c4fb03a16ecf487e82) Importer(815301076,1909f56bfc062723c751e8b465ee728b)  -> (artifact id: '9861c4a777ac89b86dc9c3f3d424a6c5') in 0.002467 seconds 
========================================================================
Received Import Request.
  Time since last request: 41.973628 seconds.
  path: Assets/_Code/TerrainGeneration/DOD/System/SaveFolderManager/FoldersStructureProcess.cs
  artifactKey: Guid(40cefd437c60a9c4fb03a16ecf487e82) Importer(815301076,1909f56bfc062723c751e8b465ee728b)
Start importing Assets/_Code/TerrainGeneration/DOD/System/SaveFolderManager/FoldersStructureProcess.cs using Guid(40cefd437c60a9c4fb03a16ecf487e82) Importer(815301076,1909f56bfc062723c751e8b465ee728b)  -> (artifact id: '1d63495a48a7f21979c323a5b5adafba') in 0.002521 seconds 
========================================================================
Received Import Request.
  Time since last request: 120.913133 seconds.
  path: Assets/_Code/TerrainGeneration/DOD/System/SaveFolderManager/FoldersStructureProcess.cs
  artifactKey: Guid(40cefd437c60a9c4fb03a16ecf487e82) Importer(815301076,1909f56bfc062723c751e8b465ee728b)
Start importing Assets/_Code/TerrainGeneration/DOD/System/SaveFolderManager/FoldersStructureProcess.cs using Guid(40cefd437c60a9c4fb03a16ecf487e82) Importer(815301076,1909f56bfc062723c751e8b465ee728b)  -> (artifact id: '4dfa94388384f5364cf0dd46568eb9e1') in 0.002026 seconds 
========================================================================
Received Import Request.
  Time since last request: 9.632175 seconds.
  path: Assets/_Code/TerrainGeneration/DOD/System/SaveFolderManager/FoldersStructureProcess.cs
  artifactKey: Guid(40cefd437c60a9c4fb03a16ecf487e82) Importer(815301076,1909f56bfc062723c751e8b465ee728b)
Start importing Assets/_Code/TerrainGeneration/DOD/System/SaveFolderManager/FoldersStructureProcess.cs using Guid(40cefd437c60a9c4fb03a16ecf487e82) Importer(815301076,1909f56bfc062723c751e8b465ee728b)  -> (artifact id: 'b0441b447d971442e4211782983032de') in 0.002548 seconds 
========================================================================
Received Import Request.
  Time since last request: 26.651441 seconds.
  path: Assets/_Code/TerrainGeneration/DOD/System/SaveFolderManager/FoldersStructureProcess.cs
  artifactKey: Guid(40cefd437c60a9c4fb03a16ecf487e82) Importer(815301076,1909f56bfc062723c751e8b465ee728b)
Start importing Assets/_Code/TerrainGeneration/DOD/System/SaveFolderManager/FoldersStructureProcess.cs using Guid(40cefd437c60a9c4fb03a16ecf487e82) Importer(815301076,1909f56bfc062723c751e8b465ee728b)  -> (artifact id: 'd824010c40dfa5e80b4e5e8a15a7be4f') in 0.002362 seconds 
========================================================================
Received Import Request.
  Time since last request: 6.839057 seconds.
  path: Assets/_Code/TerrainGeneration/DOD/System/SaveFolderManager/FoldersStructureProcess.cs
  artifactKey: Guid(40cefd437c60a9c4fb03a16ecf487e82) Importer(815301076,1909f56bfc062723c751e8b465ee728b)
Start importing Assets/_Code/TerrainGeneration/DOD/System/SaveFolderManager/FoldersStructureProcess.cs using Guid(40cefd437c60a9c4fb03a16ecf487e82) Importer(815301076,1909f56bfc062723c751e8b465ee728b)  -> (artifact id: 'a4ed77255d563bb6e4d703fb1cd2969b') in 0.002951 seconds 
========================================================================
Received Import Request.
  Time since last request: 18.893877 seconds.
  path: Assets/_Code/TerrainGeneration/DOD/System/SaveFolderManager/FoldersStructureProcess.cs
  artifactKey: Guid(40cefd437c60a9c4fb03a16ecf487e82) Importer(815301076,1909f56bfc062723c751e8b465ee728b)
Start importing Assets/_Code/TerrainGeneration/DOD/System/SaveFolderManager/FoldersStructureProcess.cs using Guid(40cefd437c60a9c4fb03a16ecf487e82) Importer(815301076,1909f56bfc062723c751e8b465ee728b)  -> (artifact id: '2e9770e87dce1d3cf826f41d9777dc99') in 0.001547 seconds 
========================================================================
Received Import Request.
  Time since last request: 39.580815 seconds.
  path: Assets/_Code/TerrainGeneration/DOD/System/SaveFolderManager/FoldersStructureProcess.cs
  artifactKey: Guid(40cefd437c60a9c4fb03a16ecf487e82) Importer(815301076,1909f56bfc062723c751e8b465ee728b)
Start importing Assets/_Code/TerrainGeneration/DOD/System/SaveFolderManager/FoldersStructureProcess.cs using Guid(40cefd437c60a9c4fb03a16ecf487e82) Importer(815301076,1909f56bfc062723c751e8b465ee728b)  -> (artifact id: '713ce786374e0fee836e4d4917c9c013') in 0.002470 seconds 
========================================================================
Received Import Request.
  Time since last request: 19.770779 seconds.
  path: Assets/_Code/TerrainGeneration/DOD/System/SaveFolderManager/FoldersStructureProcess.cs
  artifactKey: Guid(40cefd437c60a9c4fb03a16ecf487e82) Importer(815301076,1909f56bfc062723c751e8b465ee728b)
Start importing Assets/_Code/TerrainGeneration/DOD/System/SaveFolderManager/FoldersStructureProcess.cs using Guid(40cefd437c60a9c4fb03a16ecf487e82) Importer(815301076,1909f56bfc062723c751e8b465ee728b)  -> (artifact id: 'b6185c7d23f6d956e7fcd4ba4002d569') in 0.001487 seconds 
========================================================================
Received Import Request.
  Time since last request: 10.915720 seconds.
  path: Assets/_Code/TerrainGeneration/DOD/System/SaveFolderManager/FoldersStructureProcess.cs
  artifactKey: Guid(40cefd437c60a9c4fb03a16ecf487e82) Importer(815301076,1909f56bfc062723c751e8b465ee728b)
Start importing Assets/_Code/TerrainGeneration/DOD/System/SaveFolderManager/FoldersStructureProcess.cs using Guid(40cefd437c60a9c4fb03a16ecf487e82) Importer(815301076,1909f56bfc062723c751e8b465ee728b)  -> (artifact id: '5029a544867e8b67392800522f0c5b30') in 0.002857 seconds 
========================================================================
Received Import Request.
  Time since last request: 228.066551 seconds.
  path: Assets/_Code/TerrainGeneration/DOD/System/SaveFolderManager/FoldersStructureProcess.cs
  artifactKey: Guid(40cefd437c60a9c4fb03a16ecf487e82) Importer(815301076,1909f56bfc062723c751e8b465ee728b)
Start importing Assets/_Code/TerrainGeneration/DOD/System/SaveFolderManager/FoldersStructureProcess.cs using Guid(40cefd437c60a9c4fb03a16ecf487e82) Importer(815301076,1909f56bfc062723c751e8b465ee728b)  -> (artifact id: 'cc1c83074170ecf6651961340d34e26c') in 0.002500 seconds 
========================================================================
Received Prepare
Registering precompiled user dll's ...
Registered in 0.005322 seconds.
Begin MonoManager ReloadAssembly
Symbol file LoadedFromMemory doesn't match image Z:\ProjetPerso\Unity\Classic_MonoBehavior\Terrain\KZW_ProceduralTerrain\Library\PackageCache\com.unity.visualscripting@1.6.1\Editor\VisualScripting.Core\Dependencies\YamlDotNet\Unity.VisualScripting.YamlDotNet.dll
Symbol file LoadedFromMemory doesn't match image Z:\ProjetPerso\Unity\Classic_MonoBehavior\Terrain\KZW_ProceduralTerrain\Library\PackageCache\com.unity.visualscripting@1.6.1\Editor\VisualScripting.Core\Dependencies\DotNetZip\Unity.VisualScripting.IonicZip.dll
Native extension for Lumin target not found
Native extension for LinuxStandalone target not found
Native extension for WindowsStandalone target not found
Native extension for OSXStandalone target not found
Native extension for WebGL target not found
Refreshing native plugins compatible for Editor in 0.97 ms, found 3 plugins.
Preloading 0 native plugins for Editor in 0.00 ms.
Warning: Annotation not found!
UnityEngine.StackTraceUtility:ExtractStackTrace ()
UnityEditor.ProBuilder.EditorUtility:SetGizmoIconEnabled (System.Type,bool) (at Library/PackageCache/com.unity.probuilder@5.0.3/Editor/EditorCore/EditorUtility.cs:575)
UnityEditor.ProBuilder.HierarchyListener:.cctor () (at Library/PackageCache/com.unity.probuilder@5.0.3/Editor/EditorCore/HierarchyListener.cs:21)
System.Runtime.CompilerServices.RuntimeHelpers:RunClassConstructor (System.RuntimeTypeHandle)
UnityEditor.EditorAssemblies:ProcessInitializeOnLoadAttributes (System.Type[])

[Library/PackageCache/com.unity.probuilder@5.0.3/Editor/EditorCore/EditorUtility.cs line 575]

Mono: successfully reloaded assembly
- Completed reload, in  1.466 seconds
Domain Reload Profiling:
	ReloadAssembly (1466ms)
		BeginReloadAssembly (139ms)
			ExecutionOrderSort (0ms)
			DisableScriptedObjects (4ms)
			BackupInstance (0ms)
			ReleaseScriptingObjects (0ms)
			CreateAndSetChildDomain (48ms)
		EndReloadAssembly (1284ms)
			LoadAssemblies (105ms)
			RebuildTransferFunctionScriptingTraits (0ms)
			SetupTypeCache (361ms)
			ReleaseScriptCaches (1ms)
			RebuildScriptCaches (54ms)
			SetupLoadedEditorAssemblies (634ms)
				LogAssemblyErrors (0ms)
				InitializePlatformSupportModulesInManaged (8ms)
				SetLoadedEditorAssemblies (0ms)
				RefreshPlugins (1ms)
				BeforeProcessingInitializeOnLoad (85ms)
				ProcessInitializeOnLoadAttributes (526ms)
				ProcessInitializeOnLoadMethodAttributes (10ms)
				AfterProcessingInitializeOnLoad (3ms)
				EditorAssembliesLoaded (0ms)
			ExecutionOrderSort2 (0ms)
			AwakeInstancesAfterBackupRestoration (26ms)
Platform modules already initialized, skipping
Refreshing native plugins compatible for Editor in 0.91 ms, found 3 plugins.
Preloading 0 native plugins for Editor in 0.00 ms.
Unloading 5696 Unused Serialized files (Serialized files now loaded: 0)
System memory in use before: 219.1 MB.
System memory in use after: 219.5 MB.

Unloading 28 unused Assets to reduce memory usage. Loaded Objects now: 6316.
Total: 5.680700 ms (FindLiveObjects: 0.713900 ms CreateObjectMapping: 0.401800 ms MarkObjects: 4.491200 ms  DeleteObjects: 0.072800 ms)

AssetImportParameters requested are different than current active one (requested -> active):
  custom:framework-win-MediaFoundation: 216162199b28c13a410421893ffa2e32 -> 
  custom:video-decoder-ogg-theora: a1e56fd34408186e4bbccfd4996cb3dc -> 
  custom:container-muxer-webm: aa71ff27fc2769a1b78a27578f13a17b -> 
  custom:container-demuxer-webm: 4f35f7cbe854078d1ac9338744f61a02 -> 
  custom:container-demuxer-ogg: 62fdf1f143b41e24485cea50d1cbac27 -> 
  custom:video-encoder-webm-vp8: eb34c28f22e8b96e1ab97ce403110664 -> 
  custom:video-codec-MediaFoundation-h265: 746d11721c4dcdbdad8f713fa42b33f4 -> 
  custom:video-decoder-webm-vp8: 9c59270c3fd7afecdb556c50c9e8de78 -> 
  custom:audio-decoder-ogg-vorbis: bf7c407c2cedff20999df2af8eb42d56 -> 
  custom:audio-encoder-webm-vorbis: bf7c407c2cedff20999df2af8eb42d56 -> 
========================================================================
Received Prepare
Registering precompiled user dll's ...
Registered in 0.005299 seconds.
Begin MonoManager ReloadAssembly
Symbol file LoadedFromMemory doesn't match image Z:\ProjetPerso\Unity\Classic_MonoBehavior\Terrain\KZW_ProceduralTerrain\Library\PackageCache\com.unity.visualscripting@1.6.1\Editor\VisualScripting.Core\Dependencies\YamlDotNet\Unity.VisualScripting.YamlDotNet.dll
Symbol file LoadedFromMemory doesn't match image Z:\ProjetPerso\Unity\Classic_MonoBehavior\Terrain\KZW_ProceduralTerrain\Library\PackageCache\com.unity.visualscripting@1.6.1\Editor\VisualScripting.Core\Dependencies\DotNetZip\Unity.VisualScripting.IonicZip.dll
Native extension for Lumin target not found
Native extension for LinuxStandalone target not found
Native extension for WindowsStandalone target not found
Native extension for OSXStandalone target not found
Native extension for WebGL target not found
Refreshing native plugins compatible for Editor in 0.93 ms, found 3 plugins.
Preloading 0 native plugins for Editor in 0.00 ms.
Warning: Annotation not found!
UnityEngine.StackTraceUtility:ExtractStackTrace ()
UnityEditor.ProBuilder.EditorUtility:SetGizmoIconEnabled (System.Type,bool) (at Library/PackageCache/com.unity.probuilder@5.0.3/Editor/EditorCore/EditorUtility.cs:575)
UnityEditor.ProBuilder.HierarchyListener:.cctor () (at Library/PackageCache/com.unity.probuilder@5.0.3/Editor/EditorCore/HierarchyListener.cs:21)
System.Runtime.CompilerServices.RuntimeHelpers:RunClassConstructor (System.RuntimeTypeHandle)
UnityEditor.EditorAssemblies:ProcessInitializeOnLoadAttributes (System.Type[])

[Library/PackageCache/com.unity.probuilder@5.0.3/Editor/EditorCore/EditorUtility.cs line 575]

Mono: successfully reloaded assembly
- Completed reload, in  1.364 seconds
Domain Reload Profiling:
	ReloadAssembly (1365ms)
		BeginReloadAssembly (129ms)
			ExecutionOrderSort (0ms)
			DisableScriptedObjects (4ms)
			BackupInstance (0ms)
			ReleaseScriptingObjects (0ms)
			CreateAndSetChildDomain (45ms)
		EndReloadAssembly (1193ms)
			LoadAssemblies (100ms)
			RebuildTransferFunctionScriptingTraits (0ms)
			SetupTypeCache (337ms)
			ReleaseScriptCaches (2ms)
			RebuildScriptCaches (51ms)
			SetupLoadedEditorAssemblies (590ms)
				LogAssemblyErrors (0ms)
				InitializePlatformSupportModulesInManaged (7ms)
				SetLoadedEditorAssemblies (0ms)
				RefreshPlugins (1ms)
				BeforeProcessingInitializeOnLoad (83ms)
				ProcessInitializeOnLoadAttributes (490ms)
				ProcessInitializeOnLoadMethodAttributes (6ms)
				AfterProcessingInitializeOnLoad (2ms)
				EditorAssembliesLoaded (0ms)
			ExecutionOrderSort2 (0ms)
			AwakeInstancesAfterBackupRestoration (25ms)
Platform modules already initialized, skipping
Refreshing native plugins compatible for Editor in 1.20 ms, found 3 plugins.
Preloading 0 native plugins for Editor in 0.00 ms.
Unloading 5696 Unused Serialized files (Serialized files now loaded: 0)
System memory in use before: 219.1 MB.
System memory in use after: 219.5 MB.

Unloading 28 unused Assets to reduce memory usage. Loaded Objects now: 6330.
Total: 4.635100 ms (FindLiveObjects: 0.362200 ms CreateObjectMapping: 0.235300 ms MarkObjects: 3.949500 ms  DeleteObjects: 0.087400 ms)

AssetImportParameters requested are different than current active one (requested -> active):
  custom:framework-win-MediaFoundation: 216162199b28c13a410421893ffa2e32 -> 
  custom:video-decoder-ogg-theora: a1e56fd34408186e4bbccfd4996cb3dc -> 
  custom:container-muxer-webm: aa71ff27fc2769a1b78a27578f13a17b -> 
  custom:container-demuxer-webm: 4f35f7cbe854078d1ac9338744f61a02 -> 
  custom:container-demuxer-ogg: 62fdf1f143b41e24485cea50d1cbac27 -> 
  custom:video-encoder-webm-vp8: eb34c28f22e8b96e1ab97ce403110664 -> 
  custom:video-codec-MediaFoundation-h265: 746d11721c4dcdbdad8f713fa42b33f4 -> 
  custom:video-decoder-webm-vp8: 9c59270c3fd7afecdb556c50c9e8de78 -> 
  custom:audio-decoder-ogg-vorbis: bf7c407c2cedff20999df2af8eb42d56 -> 
  custom:audio-encoder-webm-vorbis: bf7c407c2cedff20999df2af8eb42d56 -> 
========================================================================
Received Import Request.
  Time since last request: 406.746097 seconds.
  path: Assets/_Code/TerrainGeneration/DOD/Prefabs/TerrainChunk.prefab
  artifactKey: Guid(f1a0751edba47ae4084fba83baccb5fb) Importer(815301076,1909f56bfc062723c751e8b465ee728b)
Start importing Assets/_Code/TerrainGeneration/DOD/Prefabs/TerrainChunk.prefab using Guid(f1a0751edba47ae4084fba83baccb5fb) Importer(815301076,1909f56bfc062723c751e8b465ee728b)  -> (artifact id: 'ce3ab3ff95b4a6984c6e2444bf369cff') in 0.240237 seconds 
========================================================================
Received Import Request.
  Time since last request: 35.200082 seconds.
  path: Assets/_Code/TerrainGeneration/DOD/System/ChunkSliceManager/CreateChunksProcess.cs
  artifactKey: Guid(54cd38056abd6d2448fe4a958024a79d) Importer(815301076,1909f56bfc062723c751e8b465ee728b)
Start importing Assets/_Code/TerrainGeneration/DOD/System/ChunkSliceManager/CreateChunksProcess.cs using Guid(54cd38056abd6d2448fe4a958024a79d) Importer(815301076,1909f56bfc062723c751e8b465ee728b)  -> (artifact id: '547bca1f175f964bb4b8e91734aa29f4') in 0.006963 seconds 
========================================================================
Received Import Request.
  Time since last request: 13.323183 seconds.
  path: Assets/_Code/TerrainGeneration/DOD/System/ChunkSliceManager/CreateChunksProcess.cs
  artifactKey: Guid(54cd38056abd6d2448fe4a958024a79d) Importer(815301076,1909f56bfc062723c751e8b465ee728b)
Start importing Assets/_Code/TerrainGeneration/DOD/System/ChunkSliceManager/CreateChunksProcess.cs using Guid(54cd38056abd6d2448fe4a958024a79d) Importer(815301076,1909f56bfc062723c751e8b465ee728b)  -> (artifact id: '37420695c92d247f823c1feeca2e3276') in 0.002433 seconds 
========================================================================
Received Prepare
Registering precompiled user dll's ...
Registered in 0.005538 seconds.
Begin MonoManager ReloadAssembly
Symbol file LoadedFromMemory doesn't match image Z:\ProjetPerso\Unity\Classic_MonoBehavior\Terrain\KZW_ProceduralTerrain\Library\PackageCache\com.unity.visualscripting@1.6.1\Editor\VisualScripting.Core\Dependencies\YamlDotNet\Unity.VisualScripting.YamlDotNet.dll
Symbol file LoadedFromMemory doesn't match image Z:\ProjetPerso\Unity\Classic_MonoBehavior\Terrain\KZW_ProceduralTerrain\Library\PackageCache\com.unity.visualscripting@1.6.1\Editor\VisualScripting.Core\Dependencies\DotNetZip\Unity.VisualScripting.IonicZip.dll
Native extension for Lumin target not found
Native extension for LinuxStandalone target not found
Native extension for WindowsStandalone target not found
Native extension for OSXStandalone target not found
Native extension for WebGL target not found
Refreshing native plugins compatible for Editor in 0.93 ms, found 3 plugins.
Preloading 0 native plugins for Editor in 0.00 ms.
Warning: Annotation not found!
UnityEngine.StackTraceUtility:ExtractStackTrace ()
UnityEditor.ProBuilder.EditorUtility:SetGizmoIconEnabled (System.Type,bool) (at Library/PackageCache/com.unity.probuilder@5.0.3/Editor/EditorCore/EditorUtility.cs:575)
UnityEditor.ProBuilder.HierarchyListener:.cctor () (at Library/PackageCache/com.unity.probuilder@5.0.3/Editor/EditorCore/HierarchyListener.cs:21)
System.Runtime.CompilerServices.RuntimeHelpers:RunClassConstructor (System.RuntimeTypeHandle)
UnityEditor.EditorAssemblies:ProcessInitializeOnLoadAttributes (System.Type[])

[Library/PackageCache/com.unity.probuilder@5.0.3/Editor/EditorCore/EditorUtility.cs line 575]

Mono: successfully reloaded assembly
- Completed reload, in  1.444 seconds
Domain Reload Profiling:
	ReloadAssembly (1445ms)
		BeginReloadAssembly (159ms)
			ExecutionOrderSort (0ms)
			DisableScriptedObjects (6ms)
			BackupInstance (0ms)
			ReleaseScriptingObjects (0ms)
			CreateAndSetChildDomain (49ms)
		EndReloadAssembly (1243ms)
			LoadAssemblies (103ms)
			RebuildTransferFunctionScriptingTraits (0ms)
			SetupTypeCache (345ms)
			ReleaseScriptCaches (2ms)
			RebuildScriptCaches (59ms)
			SetupLoadedEditorAssemblies (591ms)
				LogAssemblyErrors (0ms)
				InitializePlatformSupportModulesInManaged (7ms)
				SetLoadedEditorAssemblies (0ms)
				RefreshPlugins (1ms)
				BeforeProcessingInitializeOnLoad (84ms)
				ProcessInitializeOnLoadAttributes (489ms)
				ProcessInitializeOnLoadMethodAttributes (7ms)
				AfterProcessingInitializeOnLoad (2ms)
				EditorAssembliesLoaded (0ms)
			ExecutionOrderSort2 (0ms)
			AwakeInstancesAfterBackupRestoration (34ms)
Platform modules already initialized, skipping
Refreshing native plugins compatible for Editor in 0.89 ms, found 3 plugins.
Preloading 0 native plugins for Editor in 0.00 ms.
Unloading 5696 Unused Serialized files (Serialized files now loaded: 0)
System memory in use before: 224.6 MB.
System memory in use after: 225.1 MB.

Unloading 28 unused Assets to reduce memory usage. Loaded Objects now: 6390.
Total: 5.099500 ms (FindLiveObjects: 0.483000 ms CreateObjectMapping: 0.359700 ms MarkObjects: 4.188300 ms  DeleteObjects: 0.067800 ms)

AssetImportParameters requested are different than current active one (requested -> active):
  custom:framework-win-MediaFoundation: 216162199b28c13a410421893ffa2e32 -> 
  custom:video-decoder-ogg-theora: a1e56fd34408186e4bbccfd4996cb3dc -> 
  custom:container-muxer-webm: aa71ff27fc2769a1b78a27578f13a17b -> 
  custom:container-demuxer-webm: 4f35f7cbe854078d1ac9338744f61a02 -> 
  custom:container-demuxer-ogg: 62fdf1f143b41e24485cea50d1cbac27 -> 
  custom:video-encoder-webm-vp8: eb34c28f22e8b96e1ab97ce403110664 -> 
  custom:video-codec-MediaFoundation-h265: 746d11721c4dcdbdad8f713fa42b33f4 -> 
  custom:video-decoder-webm-vp8: 9c59270c3fd7afecdb556c50c9e8de78 -> 
  custom:audio-decoder-ogg-vorbis: bf7c407c2cedff20999df2af8eb42d56 -> 
  custom:audio-encoder-webm-vorbis: bf7c407c2cedff20999df2af8eb42d56 -> 
========================================================================
Received Prepare
Registering precompiled user dll's ...
Registered in 0.005377 seconds.
Begin MonoManager ReloadAssembly
Symbol file LoadedFromMemory doesn't match image Z:\ProjetPerso\Unity\Classic_MonoBehavior\Terrain\KZW_ProceduralTerrain\Library\PackageCache\com.unity.visualscripting@1.6.1\Editor\VisualScripting.Core\Dependencies\YamlDotNet\Unity.VisualScripting.YamlDotNet.dll
Symbol file LoadedFromMemory doesn't match image Z:\ProjetPerso\Unity\Classic_MonoBehavior\Terrain\KZW_ProceduralTerrain\Library\PackageCache\com.unity.visualscripting@1.6.1\Editor\VisualScripting.Core\Dependencies\DotNetZip\Unity.VisualScripting.IonicZip.dll
Native extension for Lumin target not found
Native extension for LinuxStandalone target not found
Native extension for WindowsStandalone target not found
Native extension for OSXStandalone target not found
Native extension for WebGL target not found
Refreshing native plugins compatible for Editor in 0.89 ms, found 3 plugins.
Preloading 0 native plugins for Editor in 0.00 ms.
Warning: Annotation not found!
UnityEngine.StackTraceUtility:ExtractStackTrace ()
UnityEditor.ProBuilder.EditorUtility:SetGizmoIconEnabled (System.Type,bool) (at Library/PackageCache/com.unity.probuilder@5.0.3/Editor/EditorCore/EditorUtility.cs:575)
UnityEditor.ProBuilder.HierarchyListener:.cctor () (at Library/PackageCache/com.unity.probuilder@5.0.3/Editor/EditorCore/HierarchyListener.cs:21)
System.Runtime.CompilerServices.RuntimeHelpers:RunClassConstructor (System.RuntimeTypeHandle)
UnityEditor.EditorAssemblies:ProcessInitializeOnLoadAttributes (System.Type[])

[Library/PackageCache/com.unity.probuilder@5.0.3/Editor/EditorCore/EditorUtility.cs line 575]

Mono: successfully reloaded assembly
- Completed reload, in  1.426 seconds
Domain Reload Profiling:
	ReloadAssembly (1426ms)
		BeginReloadAssembly (142ms)
			ExecutionOrderSort (0ms)
			DisableScriptedObjects (4ms)
			BackupInstance (0ms)
			ReleaseScriptingObjects (0ms)
			CreateAndSetChildDomain (41ms)
		EndReloadAssembly (1235ms)
			LoadAssemblies (109ms)
			RebuildTransferFunctionScriptingTraits (0ms)
			SetupTypeCache (351ms)
			ReleaseScriptCaches (2ms)
			RebuildScriptCaches (52ms)
			SetupLoadedEditorAssemblies (584ms)
				LogAssemblyErrors (0ms)
				InitializePlatformSupportModulesInManaged (7ms)
				SetLoadedEditorAssemblies (0ms)
				RefreshPlugins (1ms)
				BeforeProcessingInitializeOnLoad (83ms)
				ProcessInitializeOnLoadAttributes (484ms)
				ProcessInitializeOnLoadMethodAttributes (6ms)
				AfterProcessingInitializeOnLoad (2ms)
				EditorAssembliesLoaded (0ms)
			ExecutionOrderSort2 (0ms)
			AwakeInstancesAfterBackupRestoration (29ms)
Platform modules already initialized, skipping
Refreshing native plugins compatible for Editor in 0.88 ms, found 3 plugins.
Preloading 0 native plugins for Editor in 0.00 ms.
Unloading 5696 Unused Serialized files (Serialized files now loaded: 0)
System memory in use before: 224.7 MB.
System memory in use after: 225.1 MB.

Unloading 28 unused Assets to reduce memory usage. Loaded Objects now: 6404.
Total: 5.566200 ms (FindLiveObjects: 0.430600 ms CreateObjectMapping: 0.244300 ms MarkObjects: 4.812100 ms  DeleteObjects: 0.078400 ms)

AssetImportParameters requested are different than current active one (requested -> active):
  custom:framework-win-MediaFoundation: 216162199b28c13a410421893ffa2e32 -> 
  custom:video-decoder-ogg-theora: a1e56fd34408186e4bbccfd4996cb3dc -> 
  custom:container-muxer-webm: aa71ff27fc2769a1b78a27578f13a17b -> 
  custom:container-demuxer-webm: 4f35f7cbe854078d1ac9338744f61a02 -> 
  custom:container-demuxer-ogg: 62fdf1f143b41e24485cea50d1cbac27 -> 
  custom:video-encoder-webm-vp8: eb34c28f22e8b96e1ab97ce403110664 -> 
  custom:video-codec-MediaFoundation-h265: 746d11721c4dcdbdad8f713fa42b33f4 -> 
  custom:video-decoder-webm-vp8: 9c59270c3fd7afecdb556c50c9e8de78 -> 
  custom:audio-decoder-ogg-vorbis: bf7c407c2cedff20999df2af8eb42d56 -> 
  custom:audio-encoder-webm-vorbis: bf7c407c2cedff20999df2af8eb42d56 -> 
========================================================================
Received Prepare
Registering precompiled user dll's ...
Registered in 0.005401 seconds.
Begin MonoManager ReloadAssembly
Symbol file LoadedFromMemory doesn't match image Z:\ProjetPerso\Unity\Classic_MonoBehavior\Terrain\KZW_ProceduralTerrain\Library\PackageCache\com.unity.visualscripting@1.6.1\Editor\VisualScripting.Core\Dependencies\YamlDotNet\Unity.VisualScripting.YamlDotNet.dll
Symbol file LoadedFromMemory doesn't match image Z:\ProjetPerso\Unity\Classic_MonoBehavior\Terrain\KZW_ProceduralTerrain\Library\PackageCache\com.unity.visualscripting@1.6.1\Editor\VisualScripting.Core\Dependencies\DotNetZip\Unity.VisualScripting.IonicZip.dll
Native extension for Lumin target not found
Native extension for LinuxStandalone target not found
Native extension for WindowsStandalone target not found
Native extension for OSXStandalone target not found
Native extension for WebGL target not found
Refreshing native plugins compatible for Editor in 0.93 ms, found 3 plugins.
Preloading 0 native plugins for Editor in 0.00 ms.
Warning: Annotation not found!
UnityEngine.StackTraceUtility:ExtractStackTrace ()
UnityEditor.ProBuilder.EditorUtility:SetGizmoIconEnabled (System.Type,bool) (at Library/PackageCache/com.unity.probuilder@5.0.3/Editor/EditorCore/EditorUtility.cs:575)
UnityEditor.ProBuilder.HierarchyListener:.cctor () (at Library/PackageCache/com.unity.probuilder@5.0.3/Editor/EditorCore/HierarchyListener.cs:21)
System.Runtime.CompilerServices.RuntimeHelpers:RunClassConstructor (System.RuntimeTypeHandle)
UnityEditor.EditorAssemblies:ProcessInitializeOnLoadAttributes (System.Type[])

[Library/PackageCache/com.unity.probuilder@5.0.3/Editor/EditorCore/EditorUtility.cs line 575]

Mono: successfully reloaded assembly
- Completed reload, in  1.419 seconds
Domain Reload Profiling:
	ReloadAssembly (1420ms)
		BeginReloadAssembly (132ms)
			ExecutionOrderSort (0ms)
			DisableScriptedObjects (4ms)
			BackupInstance (0ms)
			ReleaseScriptingObjects (0ms)
			CreateAndSetChildDomain (43ms)
		EndReloadAssembly (1239ms)
			LoadAssemblies (111ms)
			RebuildTransferFunctionScriptingTraits (0ms)
			SetupTypeCache (345ms)
			ReleaseScriptCaches (2ms)
			RebuildScriptCaches (52ms)
			SetupLoadedEditorAssemblies (594ms)
				LogAssemblyErrors (0ms)
				InitializePlatformSupportModulesInManaged (7ms)
				SetLoadedEditorAssemblies (0ms)
				RefreshPlugins (1ms)
				BeforeProcessingInitializeOnLoad (85ms)
				ProcessInitializeOnLoadAttributes (492ms)
				ProcessInitializeOnLoadMethodAttributes (7ms)
				AfterProcessingInitializeOnLoad (2ms)
				EditorAssembliesLoaded (0ms)
			ExecutionOrderSort2 (0ms)
			AwakeInstancesAfterBackupRestoration (31ms)
Platform modules already initialized, skipping
Refreshing native plugins compatible for Editor in 0.92 ms, found 3 plugins.
Preloading 0 native plugins for Editor in 0.00 ms.
Unloading 5696 Unused Serialized files (Serialized files now loaded: 0)
System memory in use before: 224.6 MB.
System memory in use after: 225.0 MB.

Unloading 28 unused Assets to reduce memory usage. Loaded Objects now: 6418.
Total: 4.671900 ms (FindLiveObjects: 0.401300 ms CreateObjectMapping: 0.294500 ms MarkObjects: 3.904900 ms  DeleteObjects: 0.070100 ms)

AssetImportParameters requested are different than current active one (requested -> active):
  custom:framework-win-MediaFoundation: 216162199b28c13a410421893ffa2e32 -> 
  custom:video-decoder-ogg-theora: a1e56fd34408186e4bbccfd4996cb3dc -> 
  custom:container-muxer-webm: aa71ff27fc2769a1b78a27578f13a17b -> 
  custom:container-demuxer-webm: 4f35f7cbe854078d1ac9338744f61a02 -> 
  custom:container-demuxer-ogg: 62fdf1f143b41e24485cea50d1cbac27 -> 
  custom:video-encoder-webm-vp8: eb34c28f22e8b96e1ab97ce403110664 -> 
  custom:video-codec-MediaFoundation-h265: 746d11721c4dcdbdad8f713fa42b33f4 -> 
  custom:video-decoder-webm-vp8: 9c59270c3fd7afecdb556c50c9e8de78 -> 
  custom:audio-decoder-ogg-vorbis: bf7c407c2cedff20999df2af8eb42d56 -> 
  custom:audio-encoder-webm-vorbis: bf7c407c2cedff20999df2af8eb42d56 -> 
========================================================================
Received Prepare
Registering precompiled user dll's ...
Registered in 0.005461 seconds.
Begin MonoManager ReloadAssembly
Symbol file LoadedFromMemory doesn't match image Z:\ProjetPerso\Unity\Classic_MonoBehavior\Terrain\KZW_ProceduralTerrain\Library\PackageCache\com.unity.visualscripting@1.6.1\Editor\VisualScripting.Core\Dependencies\YamlDotNet\Unity.VisualScripting.YamlDotNet.dll
Symbol file LoadedFromMemory doesn't match image Z:\ProjetPerso\Unity\Classic_MonoBehavior\Terrain\KZW_ProceduralTerrain\Library\PackageCache\com.unity.visualscripting@1.6.1\Editor\VisualScripting.Core\Dependencies\DotNetZip\Unity.VisualScripting.IonicZip.dll
Native extension for Lumin target not found
Native extension for LinuxStandalone target not found
Native extension for WindowsStandalone target not found
Native extension for OSXStandalone target not found
Native extension for WebGL target not found
Refreshing native plugins compatible for Editor in 1.36 ms, found 3 plugins.
Preloading 0 native plugins for Editor in 0.00 ms.
Warning: Annotation not found!
UnityEngine.StackTraceUtility:ExtractStackTrace ()
UnityEditor.ProBuilder.EditorUtility:SetGizmoIconEnabled (System.Type,bool) (at Library/PackageCache/com.unity.probuilder@5.0.3/Editor/EditorCore/EditorUtility.cs:575)
UnityEditor.ProBuilder.HierarchyListener:.cctor () (at Library/PackageCache/com.unity.probuilder@5.0.3/Editor/EditorCore/HierarchyListener.cs:21)
System.Runtime.CompilerServices.RuntimeHelpers:RunClassConstructor (System.RuntimeTypeHandle)
UnityEditor.EditorAssemblies:ProcessInitializeOnLoadAttributes (System.Type[])

[Library/PackageCache/com.unity.probuilder@5.0.3/Editor/EditorCore/EditorUtility.cs line 575]

Mono: successfully reloaded assembly
- Completed reload, in  1.443 seconds
Domain Reload Profiling:
	ReloadAssembly (1443ms)
		BeginReloadAssembly (138ms)
			ExecutionOrderSort (0ms)
			DisableScriptedObjects (4ms)
			BackupInstance (0ms)
			ReleaseScriptingObjects (0ms)
			CreateAndSetChildDomain (41ms)
		EndReloadAssembly (1256ms)
			LoadAssemblies (115ms)
			RebuildTransferFunctionScriptingTraits (0ms)
			SetupTypeCache (360ms)
			ReleaseScriptCaches (2ms)
			RebuildScriptCaches (51ms)
			SetupLoadedEditorAssemblies (601ms)
				LogAssemblyErrors (0ms)
				InitializePlatformSupportModulesInManaged (8ms)
				SetLoadedEditorAssemblies (0ms)
				RefreshPlugins (1ms)
				BeforeProcessingInitializeOnLoad (89ms)
				ProcessInitializeOnLoadAttributes (494ms)
				ProcessInitializeOnLoadMethodAttributes (7ms)
				AfterProcessingInitializeOnLoad (2ms)
				EditorAssembliesLoaded (0ms)
			ExecutionOrderSort2 (0ms)
			AwakeInstancesAfterBackupRestoration (28ms)
Platform modules already initialized, skipping
Refreshing native plugins compatible for Editor in 0.89 ms, found 3 plugins.
Preloading 0 native plugins for Editor in 0.00 ms.
Unloading 5696 Unused Serialized files (Serialized files now loaded: 0)
System memory in use before: 224.6 MB.
System memory in use after: 225.0 MB.

Unloading 28 unused Assets to reduce memory usage. Loaded Objects now: 6432.
Total: 4.938000 ms (FindLiveObjects: 0.407600 ms CreateObjectMapping: 0.252600 ms MarkObjects: 4.140500 ms  DeleteObjects: 0.136500 ms)

AssetImportParameters requested are different than current active one (requested -> active):
  custom:framework-win-MediaFoundation: 216162199b28c13a410421893ffa2e32 -> 
  custom:video-decoder-ogg-theora: a1e56fd34408186e4bbccfd4996cb3dc -> 
  custom:container-muxer-webm: aa71ff27fc2769a1b78a27578f13a17b -> 
  custom:container-demuxer-webm: 4f35f7cbe854078d1ac9338744f61a02 -> 
  custom:container-demuxer-ogg: 62fdf1f143b41e24485cea50d1cbac27 -> 
  custom:video-encoder-webm-vp8: eb34c28f22e8b96e1ab97ce403110664 -> 
  custom:video-codec-MediaFoundation-h265: 746d11721c4dcdbdad8f713fa42b33f4 -> 
  custom:video-decoder-webm-vp8: 9c59270c3fd7afecdb556c50c9e8de78 -> 
  custom:audio-decoder-ogg-vorbis: bf7c407c2cedff20999df2af8eb42d56 -> 
  custom:audio-encoder-webm-vorbis: bf7c407c2cedff20999df2af8eb42d56 -> 
========================================================================
Received Prepare
Registering precompiled user dll's ...
Registered in 0.005280 seconds.
Begin MonoManager ReloadAssembly
Symbol file LoadedFromMemory doesn't match image Z:\ProjetPerso\Unity\Classic_MonoBehavior\Terrain\KZW_ProceduralTerrain\Library\PackageCache\com.unity.visualscripting@1.6.1\Editor\VisualScripting.Core\Dependencies\YamlDotNet\Unity.VisualScripting.YamlDotNet.dll
Symbol file LoadedFromMemory doesn't match image Z:\ProjetPerso\Unity\Classic_MonoBehavior\Terrain\KZW_ProceduralTerrain\Library\PackageCache\com.unity.visualscripting@1.6.1\Editor\VisualScripting.Core\Dependencies\DotNetZip\Unity.VisualScripting.IonicZip.dll
Native extension for Lumin target not found
Native extension for LinuxStandalone target not found
Native extension for WindowsStandalone target not found
Native extension for OSXStandalone target not found
Native extension for WebGL target not found
Refreshing native plugins compatible for Editor in 0.90 ms, found 3 plugins.
Preloading 0 native plugins for Editor in 0.00 ms.
Warning: Annotation not found!
UnityEngine.StackTraceUtility:ExtractStackTrace ()
UnityEditor.ProBuilder.EditorUtility:SetGizmoIconEnabled (System.Type,bool) (at Library/PackageCache/com.unity.probuilder@5.0.3/Editor/EditorCore/EditorUtility.cs:575)
UnityEditor.ProBuilder.HierarchyListener:.cctor () (at Library/PackageCache/com.unity.probuilder@5.0.3/Editor/EditorCore/HierarchyListener.cs:21)
System.Runtime.CompilerServices.RuntimeHelpers:RunClassConstructor (System.RuntimeTypeHandle)
UnityEditor.EditorAssemblies:ProcessInitializeOnLoadAttributes (System.Type[])

[Library/PackageCache/com.unity.probuilder@5.0.3/Editor/EditorCore/EditorUtility.cs line 575]

Mono: successfully reloaded assembly
- Completed reload, in  1.372 seconds
Domain Reload Profiling:
	ReloadAssembly (1372ms)
		BeginReloadAssembly (137ms)
			ExecutionOrderSort (0ms)
			DisableScriptedObjects (4ms)
			BackupInstance (0ms)
			ReleaseScriptingObjects (0ms)
			CreateAndSetChildDomain (39ms)
		EndReloadAssembly (1193ms)
			LoadAssemblies (98ms)
			RebuildTransferFunctionScriptingTraits (0ms)
			SetupTypeCache (330ms)
			ReleaseScriptCaches (2ms)
			RebuildScriptCaches (52ms)
			SetupLoadedEditorAssemblies (571ms)
				LogAssemblyErrors (0ms)
				InitializePlatformSupportModulesInManaged (7ms)
				SetLoadedEditorAssemblies (0ms)
				RefreshPlugins (1ms)
				BeforeProcessingInitializeOnLoad (83ms)
				ProcessInitializeOnLoadAttributes (471ms)
				ProcessInitializeOnLoadMethodAttributes (6ms)
				AfterProcessingInitializeOnLoad (2ms)
				EditorAssembliesLoaded (0ms)
			ExecutionOrderSort2 (0ms)
			AwakeInstancesAfterBackupRestoration (27ms)
Platform modules already initialized, skipping
Refreshing native plugins compatible for Editor in 0.89 ms, found 3 plugins.
Preloading 0 native plugins for Editor in 0.00 ms.
Unloading 5696 Unused Serialized files (Serialized files now loaded: 0)
System memory in use before: 224.6 MB.
System memory in use after: 225.1 MB.

Unloading 28 unused Assets to reduce memory usage. Loaded Objects now: 6446.
Total: 4.798900 ms (FindLiveObjects: 0.407300 ms CreateObjectMapping: 0.222600 ms MarkObjects: 4.104500 ms  DeleteObjects: 0.063800 ms)

AssetImportParameters requested are different than current active one (requested -> active):
  custom:framework-win-MediaFoundation: 216162199b28c13a410421893ffa2e32 -> 
  custom:video-decoder-ogg-theora: a1e56fd34408186e4bbccfd4996cb3dc -> 
  custom:container-muxer-webm: aa71ff27fc2769a1b78a27578f13a17b -> 
  custom:container-demuxer-webm: 4f35f7cbe854078d1ac9338744f61a02 -> 
  custom:container-demuxer-ogg: 62fdf1f143b41e24485cea50d1cbac27 -> 
  custom:video-encoder-webm-vp8: eb34c28f22e8b96e1ab97ce403110664 -> 
  custom:video-codec-MediaFoundation-h265: 746d11721c4dcdbdad8f713fa42b33f4 -> 
  custom:video-decoder-webm-vp8: 9c59270c3fd7afecdb556c50c9e8de78 -> 
  custom:audio-decoder-ogg-vorbis: bf7c407c2cedff20999df2af8eb42d56 -> 
  custom:audio-encoder-webm-vorbis: bf7c407c2cedff20999df2af8eb42d56 -> 
========================================================================
Received Prepare
Registering precompiled user dll's ...
Registered in 0.005379 seconds.
Begin MonoManager ReloadAssembly
Symbol file LoadedFromMemory doesn't match image Z:\ProjetPerso\Unity\Classic_MonoBehavior\Terrain\KZW_ProceduralTerrain\Library\PackageCache\com.unity.visualscripting@1.6.1\Editor\VisualScripting.Core\Dependencies\YamlDotNet\Unity.VisualScripting.YamlDotNet.dll
Symbol file LoadedFromMemory doesn't match image Z:\ProjetPerso\Unity\Classic_MonoBehavior\Terrain\KZW_ProceduralTerrain\Library\PackageCache\com.unity.visualscripting@1.6.1\Editor\VisualScripting.Core\Dependencies\DotNetZip\Unity.VisualScripting.IonicZip.dll
Native extension for Lumin target not found
Native extension for LinuxStandalone target not found
Native extension for WindowsStandalone target not found
Native extension for OSXStandalone target not found
Native extension for WebGL target not found
Refreshing native plugins compatible for Editor in 0.89 ms, found 3 plugins.
Preloading 0 native plugins for Editor in 0.00 ms.
Warning: Annotation not found!
UnityEngine.StackTraceUtility:ExtractStackTrace ()
UnityEditor.ProBuilder.EditorUtility:SetGizmoIconEnabled (System.Type,bool) (at Library/PackageCache/com.unity.probuilder@5.0.3/Editor/EditorCore/EditorUtility.cs:575)
UnityEditor.ProBuilder.HierarchyListener:.cctor () (at Library/PackageCache/com.unity.probuilder@5.0.3/Editor/EditorCore/HierarchyListener.cs:21)
System.Runtime.CompilerServices.RuntimeHelpers:RunClassConstructor (System.RuntimeTypeHandle)
UnityEditor.EditorAssemblies:ProcessInitializeOnLoadAttributes (System.Type[])

[Library/PackageCache/com.unity.probuilder@5.0.3/Editor/EditorCore/EditorUtility.cs line 575]

Mono: successfully reloaded assembly
- Completed reload, in  1.385 seconds
Domain Reload Profiling:
	ReloadAssembly (1386ms)
		BeginReloadAssembly (144ms)
			ExecutionOrderSort (0ms)
			DisableScriptedObjects (4ms)
			BackupInstance (0ms)
			ReleaseScriptingObjects (0ms)
			CreateAndSetChildDomain (44ms)
		EndReloadAssembly (1200ms)
			LoadAssemblies (100ms)
			RebuildTransferFunctionScriptingTraits (0ms)
			SetupTypeCache (327ms)
			ReleaseScriptCaches (2ms)
			RebuildScriptCaches (50ms)
			SetupLoadedEditorAssemblies (580ms)
				LogAssemblyErrors (0ms)
				InitializePlatformSupportModulesInManaged (7ms)
				SetLoadedEditorAssemblies (0ms)
				RefreshPlugins (1ms)
				BeforeProcessingInitializeOnLoad (85ms)
				ProcessInitializeOnLoadAttributes (478ms)
				ProcessInitializeOnLoadMethodAttributes (6ms)
				AfterProcessingInitializeOnLoad (2ms)
				EditorAssembliesLoaded (0ms)
			ExecutionOrderSort2 (0ms)
			AwakeInstancesAfterBackupRestoration (28ms)
Platform modules already initialized, skipping
Refreshing native plugins compatible for Editor in 0.89 ms, found 3 plugins.
Preloading 0 native plugins for Editor in 0.00 ms.
Unloading 5696 Unused Serialized files (Serialized files now loaded: 0)
System memory in use before: 224.7 MB.
System memory in use after: 225.1 MB.

Unloading 28 unused Assets to reduce memory usage. Loaded Objects now: 6460.
Total: 5.404300 ms (FindLiveObjects: 0.689600 ms CreateObjectMapping: 0.268300 ms MarkObjects: 4.348600 ms  DeleteObjects: 0.097100 ms)

AssetImportParameters requested are different than current active one (requested -> active):
  custom:framework-win-MediaFoundation: 216162199b28c13a410421893ffa2e32 -> 
  custom:video-decoder-ogg-theora: a1e56fd34408186e4bbccfd4996cb3dc -> 
  custom:container-muxer-webm: aa71ff27fc2769a1b78a27578f13a17b -> 
  custom:container-demuxer-webm: 4f35f7cbe854078d1ac9338744f61a02 -> 
  custom:container-demuxer-ogg: 62fdf1f143b41e24485cea50d1cbac27 -> 
  custom:video-encoder-webm-vp8: eb34c28f22e8b96e1ab97ce403110664 -> 
  custom:video-codec-MediaFoundation-h265: 746d11721c4dcdbdad8f713fa42b33f4 -> 
  custom:video-decoder-webm-vp8: 9c59270c3fd7afecdb556c50c9e8de78 -> 
  custom:audio-decoder-ogg-vorbis: bf7c407c2cedff20999df2af8eb42d56 -> 
  custom:audio-encoder-webm-vorbis: bf7c407c2cedff20999df2af8eb42d56 -> 
========================================================================
Received Prepare
Registering precompiled user dll's ...
Registered in 0.005381 seconds.
Begin MonoManager ReloadAssembly
Symbol file LoadedFromMemory doesn't match image Z:\ProjetPerso\Unity\Classic_MonoBehavior\Terrain\KZW_ProceduralTerrain\Library\PackageCache\com.unity.visualscripting@1.6.1\Editor\VisualScripting.Core\Dependencies\YamlDotNet\Unity.VisualScripting.YamlDotNet.dll
Symbol file LoadedFromMemory doesn't match image Z:\ProjetPerso\Unity\Classic_MonoBehavior\Terrain\KZW_ProceduralTerrain\Library\PackageCache\com.unity.visualscripting@1.6.1\Editor\VisualScripting.Core\Dependencies\DotNetZip\Unity.VisualScripting.IonicZip.dll
Native extension for Lumin target not found
Native extension for LinuxStandalone target not found
Native extension for WindowsStandalone target not found
Native extension for OSXStandalone target not found
Native extension for WebGL target not found
Refreshing native plugins compatible for Editor in 0.89 ms, found 3 plugins.
Preloading 0 native plugins for Editor in 0.00 ms.
Warning: Annotation not found!
UnityEngine.StackTraceUtility:ExtractStackTrace ()
UnityEditor.ProBuilder.EditorUtility:SetGizmoIconEnabled (System.Type,bool) (at Library/PackageCache/com.unity.probuilder@5.0.3/Editor/EditorCore/EditorUtility.cs:575)
UnityEditor.ProBuilder.HierarchyListener:.cctor () (at Library/PackageCache/com.unity.probuilder@5.0.3/Editor/EditorCore/HierarchyListener.cs:21)
System.Runtime.CompilerServices.RuntimeHelpers:RunClassConstructor (System.RuntimeTypeHandle)
UnityEditor.EditorAssemblies:ProcessInitializeOnLoadAttributes (System.Type[])

[Library/PackageCache/com.unity.probuilder@5.0.3/Editor/EditorCore/EditorUtility.cs line 575]

Mono: successfully reloaded assembly
- Completed reload, in  1.380 seconds
Domain Reload Profiling:
	ReloadAssembly (1381ms)
		BeginReloadAssembly (132ms)
			ExecutionOrderSort (0ms)
			DisableScriptedObjects (4ms)
			BackupInstance (0ms)
			ReleaseScriptingObjects (0ms)
			CreateAndSetChildDomain (40ms)
		EndReloadAssembly (1206ms)
			LoadAssemblies (98ms)
			RebuildTransferFunctionScriptingTraits (0ms)
			SetupTypeCache (344ms)
			ReleaseScriptCaches (2ms)
			RebuildScriptCaches (53ms)
			SetupLoadedEditorAssemblies (577ms)
				LogAssemblyErrors (0ms)
				InitializePlatformSupportModulesInManaged (7ms)
				SetLoadedEditorAssemblies (0ms)
				RefreshPlugins (1ms)
				BeforeProcessingInitializeOnLoad (83ms)
				ProcessInitializeOnLoadAttributes (477ms)
				ProcessInitializeOnLoadMethodAttributes (6ms)
				AfterProcessingInitializeOnLoad (2ms)
				EditorAssembliesLoaded (0ms)
			ExecutionOrderSort2 (0ms)
			AwakeInstancesAfterBackupRestoration (28ms)
Platform modules already initialized, skipping
Refreshing native plugins compatible for Editor in 0.89 ms, found 3 plugins.
Preloading 0 native plugins for Editor in 0.00 ms.
Unloading 5696 Unused Serialized files (Serialized files now loaded: 0)
System memory in use before: 224.7 MB.
System memory in use after: 225.1 MB.

Unloading 28 unused Assets to reduce memory usage. Loaded Objects now: 6474.
Total: 4.763000 ms (FindLiveObjects: 0.416800 ms CreateObjectMapping: 0.294200 ms MarkObjects: 3.980300 ms  DeleteObjects: 0.070800 ms)

AssetImportParameters requested are different than current active one (requested -> active):
  custom:framework-win-MediaFoundation: 216162199b28c13a410421893ffa2e32 -> 
  custom:video-decoder-ogg-theora: a1e56fd34408186e4bbccfd4996cb3dc -> 
  custom:container-muxer-webm: aa71ff27fc2769a1b78a27578f13a17b -> 
  custom:container-demuxer-webm: 4f35f7cbe854078d1ac9338744f61a02 -> 
  custom:container-demuxer-ogg: 62fdf1f143b41e24485cea50d1cbac27 -> 
  custom:video-encoder-webm-vp8: eb34c28f22e8b96e1ab97ce403110664 -> 
  custom:video-codec-MediaFoundation-h265: 746d11721c4dcdbdad8f713fa42b33f4 -> 
  custom:video-decoder-webm-vp8: 9c59270c3fd7afecdb556c50c9e8de78 -> 
  custom:audio-decoder-ogg-vorbis: bf7c407c2cedff20999df2af8eb42d56 -> 
  custom:audio-encoder-webm-vorbis: bf7c407c2cedff20999df2af8eb42d56 -> 
